<?xml version="1.0" encoding="UTF-8"?>
<testsuites name="TC_LoginPositif" time="38.015" tests="1" failures="0" errors="0">
   <testsuite name="TC_LoginPositif" tests="1" failures="0" errors="0" time="38.015" skipped="0" timestamp="30-08-2024T16:19:36" hostname="elvira - localhost" id="Test Suites/Facebook/TC_LoginPositif">
      <properties>
         <property name="deviceName" value=""/>
         <property name="devicePlatform"/>
         <property name="logFolder" value="/Users/elvira/Katalon Studio/Testing Login Facebook/Reports/20240830_161925/Facebook/TC_LoginPositif/20240830_161925"/>
         <property name="logFiles" value="/Users/elvira/Katalon Studio/Testing Login Facebook/Reports/20240830_161925/Facebook/TC_LoginPositif/20240830_161925/execution0.log"/>
         <property name="attachments" value=""/>
         <property name="hostName" value="elvira - localhost"/>
         <property name="os" value="Mac OS X 64bit"/>
         <property name="katalonVersion" value="9.7.0.223"/>
         <property name="browser" value="Chrome 128.0.0.0"/>
         <property name="hostAddress" value="127.0.0.1"/>
         <property name="sessionId" value="c2a104c96bd1ed1d3b8c47334571e71e"/>
         <property name="seleniumVersion" value="3.141.59"/>
         <property name="proxyInformation" value="ProxyInformation { proxyOption=NO_PROXY, proxyServerType=HTTP, username=, password=********, proxyServerAddress=, proxyServerPort=0, executionList=&quot;&quot;, isApplyToDesiredCapabilities=true }"/>
         <property name="platform" value="Mac OS X"/>
      </properties>
      <testcase name="Test Cases/Facebook/TC_Login01" time="37.867" classname="Test Cases/Facebook/TC_Login01" status="PASSED">
         <system-out><![CDATA[30-08-2024T16:19:36 - [TEST_CASE][PASSED] - Test Cases/Facebook/TC_Login01: Test Cases/Facebook/TC_Login01

30-08-2024T16:19:36 - [TEST_STEP][PASSED] - openBrowser(""): Browser is opened with url: ''

30-08-2024T16:19:37 - [MESSAGE][INFO] - Starting 'Chrome' driver

30-08-2024T16:19:37 - [MESSAGE][INFO] - Action delay is set to 0 milliseconds

30-08-2024T16:19:39 - [MESSAGE][PASSED] - Browser is opened with url: ''

30-08-2024T16:19:39 - [TEST_STEP][PASSED] - navigateToUrl("https://web.facebook.com/?_rdc=1&_rdr"): Navigate to 'https://web.facebook.com/?_rdc=1&_rdr' successfully

30-08-2024T16:19:41 - [MESSAGE][PASSED] - Navigate to 'https://web.facebook.com/?_rdc=1&_rdr' successfully

30-08-2024T16:19:41 - [TEST_STEP][PASSED] - setText(findTestObject("Object Repository/Facebook/Page_Facebook  log in or sign up/input_Facebook helps you connect and share _ccef60"), "vegetarianalami@gmail.com"): Text 'vegetarianalami@gmail.com' is set on object 'Object Repository/Facebook/Page_Facebook  log in or sign up/input_Facebook helps you connect and share _ccef60'

30-08-2024T16:19:42 - [MESSAGE][PASSED] - Text 'vegetarianalami@gmail.com' is set on object 'Object Repository/Facebook/Page_Facebook  log in or sign up/input_Facebook helps you connect and share _ccef60'

30-08-2024T16:19:42 - [TEST_STEP][PASSED] - setEncryptedText(findTestObject("Object Repository/Facebook/Page_Facebook  log in or sign up/input_Facebook helps you connect and share _ab63fc"), "pP6844vZzIkwB+YX7enOXQ=="): Text ****** has been set on object 'Object Repository/Facebook/Page_Facebook  log in or sign up/input_Facebook helps you connect and share _ab63fc'

30-08-2024T16:19:42 - [MESSAGE][PASSED] - Text ****** has been set on object 'Object Repository/Facebook/Page_Facebook  log in or sign up/input_Facebook helps you connect and share _ab63fc'

30-08-2024T16:19:42 - [TEST_STEP][PASSED] - click(findTestObject("Object Repository/Facebook/Page_Facebook  log in or sign up/button_Log in")): Object: 'Object Repository/Facebook/Page_Facebook  log in or sign up/button_Log in' is clicked on

30-08-2024T16:20:13 - [MESSAGE][INFO] - Unable to find the element located by 'By.xpath: //button[@id='u_0_5_mo']'. Please recheck the objects properties to make sure the desired element is located. 

30-08-2024T16:20:13 - [MESSAGE][WARNING] - [SELF-HEALING] Failed to find element with id 'Object Repository/Facebook/Page_Facebook  log in or sign up/button_Log in'. Try using Self-healing.

30-08-2024T16:20:14 - [MESSAGE][WARNING] - [SELF-HEALING] The current locator of test object 'Object Repository/Facebook/Page_Facebook  log in or sign up/button_Log in' was broken. Propose an alternative one: '(.//*[normalize-space(text()) and normalize-space(.)='Facebook helps you connect and share with the people in your life.'])[1]/following::button[1]'.

30-08-2024T16:20:14 - [MESSAGE][PASSED] - Object: 'Object Repository/Facebook/Page_Facebook  log in or sign up/button_Log in' is clicked on

30-08-2024T16:20:14 - [TEST_STEP][PASSED] - closeBrowser(): Browser is closed

30-08-2024T16:20:14 - [MESSAGE][PASSED] - Browser is closed]]></system-out>
         <system-err><![CDATA[]]></system-err>
      </testcase>
      <system-out><![CDATA[30-08-2024T16:19:36 - [TEST_SUITE][PASSED] - TC_LoginPositif: Test Cases/Facebook/TC_Login01]]></system-out>
      <system-err><![CDATA[]]></system-err>
   </testsuite>
</testsuites>
